Hmm ... looks like a package
Converting parsed Rd's to LaTeX ...
Creating pdf output from LaTeX ...
This is pdfTeX, Version 3.141592653-2.6-1.40.28 (TeX Live 2025) (preloaded format=pdflatex)
 restricted \write18 enabled.
entering extended mode
(./Rd2.tex
LaTeX2e <2025-06-01> patch level 1
L3 programming layer <2025-05-26>

(c:/Users/aeste/AppData/Roaming/TinyTeX/texmf-dist/tex/latex/base/book.cls
Document Class: book 2025/01/22 v1.4n Standard LaTeX document class
(c:/Users/aeste/AppData/Roaming/TinyTeX/texmf-dist/tex/latex/base/bk10.clo)) (c:/Program Files/R/R-4.4.2/share/texmf/tex/latex/Rd.sty (c:/Users/aeste/AppData/Roaming/TinyTeX/texmf-dist/tex/latex/base/ifthen.sty) (c:/Users/aeste/AppData/Roaming/TinyTeX/texmf-dist/tex/generic/iftex/iftex.sty) (c:/Users/aeste/AppData/Roaming/TinyTeX/texmf-dist/tex/latex/tools/longtable.sty) (c:/Users/aeste/AppData/Roaming/TinyTeX/texmf-dist/tex/latex/tools/bm.sty) (c:/Users/aeste/AppData/Roaming/TinyTeX/texmf-dist/tex/latex/base/alltt.sty) (c:/Users/aeste/AppData/Roaming/TinyTeX/texmf-dist/tex/latex/tools/verbatim.sty) (c:/Users/aeste/AppData/Roaming/TinyTeX/texmf-dist/tex/latex/url/url.sty) (c:/Users/aeste/AppData/Roaming/TinyTeX/texmf-dist/tex/latex/base/textcomp.sty) (c:/Users/aeste/AppData/Roaming/TinyTeX/texmf-dist/tex/latex/amsmath/amsmath.sty
For additional information on amsmath, use the `?' option.
(c:/Users/aeste/AppData/Roaming/TinyTeX/texmf-dist/tex/latex/amsmath/amstext.sty (c:/Users/aeste/AppData/Roaming/TinyTeX/texmf-dist/tex/latex/amsmath/amsgen.sty)) (c:/Users/aeste/AppData/Roaming/TinyTeX/texmf-dist/tex/latex/amsmath/amsbsy.sty) (c:/Users/aeste/AppData/Roaming/TinyTeX/texmf-dist/tex/latex/amsmath/amsopn.sty)) (c:/Users/aeste/AppData/Roaming/TinyTeX/texmf-dist/tex/latex/amsfonts/amsfonts.sty) (c:/Users/aeste/AppData/Roaming/TinyTeX/texmf-dist/tex/latex/amsfonts/amssymb.sty) (c:/Users/aeste/AppData/Roaming/TinyTeX/texmf-dist/tex/latex/amsfonts/eucal.sty) (c:/Users/aeste/AppData/Roaming/TinyTeX/texmf-dist/tex/latex/base/fontenc.sty) (c:/Users/aeste/AppData/Roaming/TinyTeX/texmf-dist/tex/latex/psnfss/times.sty) (c:/Users/aeste/AppData/Roaming/TinyTeX/texmf-dist/tex/latex/inconsolata/zi4.sty `inconsolata-zi4' v1.12, 2019/05/17 Text macros for Inconsolata (msharpe) (c:/Users/aeste/AppData/Roaming/TinyTeX/texmf-dist/tex/latex/xkeyval/xkeyval.sty (c:/Users/aeste/AppData/Roaming/TinyTeX/texmf-dist/tex/generic/xkeyval/xkeyval.tex (c:/Users/aeste/AppData/Roaming/TinyTeX/texmf-dist/tex/generic/xkeyval/xkvutils.tex (c:/Users/aeste/AppData/Roaming/TinyTeX/texmf-dist/tex/generic/xkeyval/keyval.tex))))) (c:/Users/aeste/AppData/Roaming/TinyTeX/texmf-dist/tex/latex/graphics/color.sty (c:/Users/aeste/AppData/Roaming/TinyTeX/texmf-dist/tex/latex/graphics-cfg/color.cfg) (c:/Users/aeste/AppData/Roaming/TinyTeX/texmf-dist/tex/latex/graphics-def/pdftex.def) (c:/Users/aeste/AppData/Roaming/TinyTeX/texmf-dist/tex/latex/graphics/mathcolor.ltx)) (c:/Users/aeste/AppData/Roaming/TinyTeX/texmf-dist/tex/latex/hyperref/hyperref.sty (c:/Users/aeste/AppData/Roaming/TinyTeX/texmf-dist/tex/latex/kvsetkeys/kvsetkeys.sty) (c:/Users/aeste/AppData/Roaming/TinyTeX/texmf-dist/tex/generic/kvdefinekeys/kvdefinekeys.sty) (c:/Users/aeste/AppData/Roaming/TinyTeX/texmf-dist/tex/generic/pdfescape/pdfescape.sty (c:/Users/aeste/AppData/Roaming/TinyTeX/texmf-dist/tex/generic/ltxcmds/ltxcmds.sty) (c:/Users/aeste/AppData/Roaming/TinyTeX/texmf-dist/tex/generic/pdftexcmds/pdftexcmds.sty (c:/Users/aeste/AppData/Roaming/TinyTeX/texmf-dist/tex/generic/infwarerr/infwarerr.sty))) (c:/Users/aeste/AppData/Roaming/TinyTeX/texmf-dist/tex/latex/hycolor/hycolor.sty) (c:/Users/aeste/AppData/Roaming/TinyTeX/texmf-dist/tex/latex/hyperref/nameref.sty (c:/Users/aeste/AppData/Roaming/TinyTeX/texmf-dist/tex/latex/refcount/refcount.sty) (c:/Users/aeste/AppData/Roaming/TinyTeX/texmf-dist/tex/generic/gettitlestring/gettitlestring.sty (c:/Users/aeste/AppData/Roaming/TinyTeX/texmf-dist/tex/latex/kvoptions/kvoptions.sty))) (c:/Users/aeste/AppData/Roaming/TinyTeX/texmf-dist/tex/latex/etoolbox/etoolbox.sty) (c:/Users/aeste/AppData/Roaming/TinyTeX/texmf-dist/tex/generic/stringenc/stringenc.sty) (c:/Users/aeste/AppData/Roaming/TinyTeX/texmf-dist/tex/latex/hyperref/pd1enc.def) (c:/Users/aeste/AppData/Roaming/TinyTeX/texmf-dist/tex/generic/intcalc/intcalc.sty) (c:/Users/aeste/AppData/Roaming/TinyTeX/texmf-dist/tex/latex/hyperref/puenc.def) (c:/Users/aeste/AppData/Roaming/TinyTeX/texmf-dist/tex/generic/bitset/bitset.sty (c:/Users/aeste/AppData/Roaming/TinyTeX/texmf-dist/tex/generic/bigintcalc/bigintcalc.sty))) (c:/Users/aeste/AppData/Roaming/TinyTeX/texmf-dist/tex/latex/hyperref/hpdftex.def (c:/Users/aeste/AppData/Roaming/TinyTeX/texmf-dist/tex/latex/rerunfilecheck/rerunfilecheck.sty (c:/Users/aeste/AppData/Roaming/TinyTeX/texmf-dist/tex/generic/uniquecounter/uniquecounter.sty)))) (c:/Users/aeste/AppData/Roaming/TinyTeX/texmf-dist/tex/latex/base/makeidx.sty)
Writing index file Rd2.idx
(c:/Users/aeste/AppData/Roaming/TinyTeX/texmf-dist/tex/latex/psnfss/t1ptm.fd) (c:/Users/aeste/AppData/Roaming/TinyTeX/texmf-dist/tex/latex/l3backend/l3backend-pdftex.def)
No file Rd2.aux.
(c:/Users/aeste/AppData/Roaming/TinyTeX/texmf-dist/tex/latex/inconsolata/t1zi4.fd) (c:/Users/aeste/AppData/Roaming/TinyTeX/texmf-dist/tex/latex/psnfss/ts1ptm.fd) (c:/Users/aeste/AppData/Roaming/TinyTeX/texmf-dist/tex/latex/amsfonts/umsa.fd) (c:/Users/aeste/AppData/Roaming/TinyTeX/texmf-dist/tex/latex/amsfonts/umsb.fd)
No file Rd2.toc.

[1{c:/Users/aeste/AppData/Roaming/TinyTeX/texmf-var/fonts/map/pdftex/updmap/pdftex.map}{c:/Users/aeste/AppData/Roaming/TinyTeX/texmf-dist/fonts/enc/dvips/base/8r.enc}{c:/Users/aeste/AppData/Roaming/TinyTeX/texmf-dist/fonts/enc/dvips/inconsolata/i4-t1-0.enc}]
[2]
[3]
[4]
Overfull \hbox (14.75021pt too wide) in paragraph at lines 218--218
 []  \T1/zi4/m/n/10 color_palette = c("#bebada", "#fb8072", "#8dd3c7", "#80b1d3", "#ffff67", "#fdb462",[] 

[5]
[6]
[7]
[8]
[9]
[10]
[11]
[12]
Overfull \hbox (2.64706pt too wide) in paragraph at lines 643--644
[]\T1/ptm/m/n/10 A func-tion to cal-cu-late weights. It can be makeWeight-s-Tri-an-gu-lar, makeWeights-

Overfull \hbox (9.6677pt too wide) in paragraph at lines 643--644
\T1/ptm/m/n/10 Gra-di-ent, makeWeightsMixed, or a cus-tom func-tion name. De-fault is makeWeight-

[13]
[14]
[15]
[16]
[17]
[18]
Overfull \hbox (10.61707pt too wide) in paragraph at lines 947--948
[]\T1/ptm/m/n/10 A func-tion to be ap-plied for fac-tor-iz-ing the weight col-umn. De-fault is .cut_variable. 

Overfull \hbox (111.0775pt too wide) in paragraph at lines 949--950
[]\T1/ptm/m/n/10 A nu-meric vec-tor spec-i-fy-ing the breaks for the 'cut' method. De-fault is c(0,10,20,30,40,50,60,70,80,90,100). 

[19]
Overfull \hbox (35.24101pt too wide) in paragraph at lines 1042--1042
 []\T1/zi4/m/n/9 value_set_other <- list(instrument1 = list(df = data.frame(state=c(1, 2, 3), utility = c(-1, 0, 1)),[] 

[20]
[21]
[22]
Overfull \hbox (2.88193pt too wide) in paragraph at lines 1214--1214
 []  \T1/zi4/m/n/10 probability_levels = c(min = 0, \TS1/cmtt/m/n/10 `\T1/zi4/m/n/10 2.5%\TS1/cmtt/m/n/10 ` \T1/zi4/m/n/10 = 0.025, \TS1/cmtt/m/n/10 `\T1/zi4/m/n/10 25%\TS1/cmtt/m/n/10 ` \T1/zi4/m/n/10 = 0.25, median = 0.5, \TS1/cmtt/m/n/10 `\T1/zi4/m/n/10 75%\TS1/cmtt/m/n/10 ` \T1/zi4/m/n/10 =[] 

[23]
[24]
Overfull \hbox (7.00716pt too wide) in paragraph at lines 1287--1288
[]\T1/ptm/m/n/10 A char-ac-ter vec-tor spec-i-fy-ing the color palette for the plot. De-fault is c("#8dd3c7",

Overfull \hbox (2.24715pt too wide) in paragraph at lines 1314--1314
 []  \T1/zi4/m/n/9 result <- severity_ribbon_plot(df = cdta, utility_columns = c("EQ5D3L", "EQ5D5L", "EQXW"))[] 

[25]
[26]
No file Rd2.ind.

[27] (./Rd2.aux)This is METAFONT, Version 2.71828182 (TeX Live 2025) (preloaded base=mf)

(c:/Users/aeste/AppData/Roaming/TinyTeX/texmf-dist/fonts/source/jknappen/ec/tctt1000.mf (c:/Users/aeste/AppData/Roaming/TinyTeX/texmf-dist/fonts/source/jknappen/ec/exbase.mf) (c:/Users/aeste/AppData/Roaming/TinyTeX/texmf-dist/fonts/source/jknappen/ec/tctt.mf (c:/Users/aeste/AppData/Roaming/TinyTeX/texmf-dist/fonts/source/jknappen/ec/txsymb.mf
 Ok (c:/Users/aeste/AppData/Roaming/TinyTeX/texmf-dist/fonts/source/jknappen/ec/exaccess.mf
 Ok) (c:/Users/aeste/AppData/Roaming/TinyTeX/texmf-dist/fonts/source/jknappen/ec/txpseudo.mf
 Ok) (c:/Users/aeste/AppData/Roaming/TinyTeX/texmf-dist/fonts/source/jknappen/ec/txaccent.mf
 Ok [0] [1] [2] [3] [4] [5] [6] [7] [8] [9] [10] [11] [12] [27] [29]) (c:/Users/aeste/AppData/Roaming/TinyTeX/texmf-dist/fonts/source/jknappen/ec/txgen.mf
 Ok [100] [109] [98] [99] [108]) (c:/Users/aeste/AppData/Roaming/TinyTeX/texmf-dist/fonts/source/jknappen/ec/txsymbol.mf
 Ok [13] [18] [21] [22] [23] [24] [25] [26] [28] [31] [32] [36] [39] [44] [45] [46] [42] [47] [60] [61] [62] [77] [79] [87] [110] [91] [93] [94] [95] [96] [126] [127] [128] [129] [130] [131] [132] [133] [134] [135] [136] [137] [138] [139] [140] [141] [142] [143] [144] [145] [146] [147] [148] [149] [150] [151] [152] [153] [154] [155] [156] [157] [158] [159] [160] [161] [162] [163] [164] [165] [166] [167] [168] [169] [171] [172] [173] [174] [175] [177] [176] [180] [181] [182] [183] [184] [187] [191] [214] [246]) (c:/Users/aeste/AppData/Roaming/TinyTeX/texmf-dist/fonts/source/jknappen/ec/txromod.mf
 Ok [48] [49] [50] [51] [52] [53] [54] [55] [56] [57]) (c:/Users/aeste/AppData/Roaming/TinyTeX/texmf-dist/fonts/source/jknappen/ec/txrsuper.mf
 Ok [185] [178] [179] [170] [186]) (c:/Users/aeste/AppData/Roaming/TinyTeX/texmf-dist/fonts/source/jknappen/ec/txrfract.mf
 Ok [188] [189] [190]) ) ) )
Font metrics written on tctt1000.tfm.
Output written on tctt1000.600gf (128 characters, 19540 bytes).
Transcript written on tctt1000.log.
mf-nowin.exe --progname=mf --base=mf \mode:=ljfour; \mag:=1+0/600; nonstopmode; input tctt1000;
gftopk.exe tctt1000.600gf tctt1000.600pk


Package rerunfilecheck Warning: File `Rd2.out' has changed.
(rerunfilecheck)                Rerun to get outlines right
(rerunfilecheck)                or use package `bookmark'.

 )
(see the transcript file for additional information) <c:/Users/aeste/AppData/Roaming/TinyTeX/texmf-var/fonts/pk/ljfour/jknappen/ec/tctt1000.600pk><c:/Users/aeste/AppData/Roaming/TinyTeX/texmf-dist/fonts/type1/public/inconsolata/Inconsolata-zi4r.pfb><c:/Users/aeste/AppData/Roaming/TinyTeX/texmf-dist/fonts/type1/urw/times/utmb8a.pfb><c:/Users/aeste/AppData/Roaming/TinyTeX/texmf-dist/fonts/type1/urw/times/utmr8a.pfb><c:/Users/aeste/AppData/Roaming/TinyTeX/texmf-dist/fonts/type1/urw/times/utmr8a.pfb><c:/Users/aeste/AppData/Roaming/TinyTeX/texmf-dist/fonts/type1/urw/times/utmri8a.pfb>
Output written on Rd2.pdf (27 pages, 124380 bytes).
Transcript written on Rd2.log.

kpathsea: Running mktexpk --mfmode / --bdpi 600 --mag 1+0/600 --dpi 600 tctt1000

The command name is C:\Users\aeste\AppData\Roaming\TinyTeX\bin\windows\mktexpk
This is makeindex, version 2.17 [TeX Live 2025] (kpathsea + Thai support).
Scanning input file Rd2.idx....done (55 entries accepted, 0 rejected).
Sorting entries....done (319 comparisons).
Generating output file Rd2.ind....done (73 lines written, 0 warnings).
Output written in Rd2.ind.
Transcript written in Rd2.ilg.
This is pdfTeX, Version 3.141592653-2.6-1.40.28 (TeX Live 2025) (preloaded format=pdflatex)
 restricted \write18 enabled.
entering extended mode
(./Rd2.tex
LaTeX2e <2025-06-01> patch level 1
L3 programming layer <2025-05-26>

(c:/Users/aeste/AppData/Roaming/TinyTeX/texmf-dist/tex/latex/base/book.cls
Document Class: book 2025/01/22 v1.4n Standard LaTeX document class
(c:/Users/aeste/AppData/Roaming/TinyTeX/texmf-dist/tex/latex/base/bk10.clo)) (c:/Program Files/R/R-4.4.2/share/texmf/tex/latex/Rd.sty (c:/Users/aeste/AppData/Roaming/TinyTeX/texmf-dist/tex/latex/base/ifthen.sty) (c:/Users/aeste/AppData/Roaming/TinyTeX/texmf-dist/tex/generic/iftex/iftex.sty) (c:/Users/aeste/AppData/Roaming/TinyTeX/texmf-dist/tex/latex/tools/longtable.sty) (c:/Users/aeste/AppData/Roaming/TinyTeX/texmf-dist/tex/latex/tools/bm.sty) (c:/Users/aeste/AppData/Roaming/TinyTeX/texmf-dist/tex/latex/base/alltt.sty) (c:/Users/aeste/AppData/Roaming/TinyTeX/texmf-dist/tex/latex/tools/verbatim.sty) (c:/Users/aeste/AppData/Roaming/TinyTeX/texmf-dist/tex/latex/url/url.sty) (c:/Users/aeste/AppData/Roaming/TinyTeX/texmf-dist/tex/latex/base/textcomp.sty) (c:/Users/aeste/AppData/Roaming/TinyTeX/texmf-dist/tex/latex/amsmath/amsmath.sty
For additional information on amsmath, use the `?' option.
(c:/Users/aeste/AppData/Roaming/TinyTeX/texmf-dist/tex/latex/amsmath/amstext.sty (c:/Users/aeste/AppData/Roaming/TinyTeX/texmf-dist/tex/latex/amsmath/amsgen.sty)) (c:/Users/aeste/AppData/Roaming/TinyTeX/texmf-dist/tex/latex/amsmath/amsbsy.sty) (c:/Users/aeste/AppData/Roaming/TinyTeX/texmf-dist/tex/latex/amsmath/amsopn.sty)) (c:/Users/aeste/AppData/Roaming/TinyTeX/texmf-dist/tex/latex/amsfonts/amsfonts.sty) (c:/Users/aeste/AppData/Roaming/TinyTeX/texmf-dist/tex/latex/amsfonts/amssymb.sty) (c:/Users/aeste/AppData/Roaming/TinyTeX/texmf-dist/tex/latex/amsfonts/eucal.sty) (c:/Users/aeste/AppData/Roaming/TinyTeX/texmf-dist/tex/latex/base/fontenc.sty) (c:/Users/aeste/AppData/Roaming/TinyTeX/texmf-dist/tex/latex/psnfss/times.sty) (c:/Users/aeste/AppData/Roaming/TinyTeX/texmf-dist/tex/latex/inconsolata/zi4.sty `inconsolata-zi4' v1.12, 2019/05/17 Text macros for Inconsolata (msharpe) (c:/Users/aeste/AppData/Roaming/TinyTeX/texmf-dist/tex/latex/xkeyval/xkeyval.sty (c:/Users/aeste/AppData/Roaming/TinyTeX/texmf-dist/tex/generic/xkeyval/xkeyval.tex (c:/Users/aeste/AppData/Roaming/TinyTeX/texmf-dist/tex/generic/xkeyval/xkvutils.tex (c:/Users/aeste/AppData/Roaming/TinyTeX/texmf-dist/tex/generic/xkeyval/keyval.tex))))) (c:/Users/aeste/AppData/Roaming/TinyTeX/texmf-dist/tex/latex/graphics/color.sty (c:/Users/aeste/AppData/Roaming/TinyTeX/texmf-dist/tex/latex/graphics-cfg/color.cfg) (c:/Users/aeste/AppData/Roaming/TinyTeX/texmf-dist/tex/latex/graphics-def/pdftex.def) (c:/Users/aeste/AppData/Roaming/TinyTeX/texmf-dist/tex/latex/graphics/mathcolor.ltx)) (c:/Users/aeste/AppData/Roaming/TinyTeX/texmf-dist/tex/latex/hyperref/hyperref.sty (c:/Users/aeste/AppData/Roaming/TinyTeX/texmf-dist/tex/latex/kvsetkeys/kvsetkeys.sty) (c:/Users/aeste/AppData/Roaming/TinyTeX/texmf-dist/tex/generic/kvdefinekeys/kvdefinekeys.sty) (c:/Users/aeste/AppData/Roaming/TinyTeX/texmf-dist/tex/generic/pdfescape/pdfescape.sty (c:/Users/aeste/AppData/Roaming/TinyTeX/texmf-dist/tex/generic/ltxcmds/ltxcmds.sty) (c:/Users/aeste/AppData/Roaming/TinyTeX/texmf-dist/tex/generic/pdftexcmds/pdftexcmds.sty (c:/Users/aeste/AppData/Roaming/TinyTeX/texmf-dist/tex/generic/infwarerr/infwarerr.sty))) (c:/Users/aeste/AppData/Roaming/TinyTeX/texmf-dist/tex/latex/hycolor/hycolor.sty) (c:/Users/aeste/AppData/Roaming/TinyTeX/texmf-dist/tex/latex/hyperref/nameref.sty (c:/Users/aeste/AppData/Roaming/TinyTeX/texmf-dist/tex/latex/refcount/refcount.sty) (c:/Users/aeste/AppData/Roaming/TinyTeX/texmf-dist/tex/generic/gettitlestring/gettitlestring.sty (c:/Users/aeste/AppData/Roaming/TinyTeX/texmf-dist/tex/latex/kvoptions/kvoptions.sty))) (c:/Users/aeste/AppData/Roaming/TinyTeX/texmf-dist/tex/latex/etoolbox/etoolbox.sty) (c:/Users/aeste/AppData/Roaming/TinyTeX/texmf-dist/tex/generic/stringenc/stringenc.sty) (c:/Users/aeste/AppData/Roaming/TinyTeX/texmf-dist/tex/latex/hyperref/pd1enc.def) (c:/Users/aeste/AppData/Roaming/TinyTeX/texmf-dist/tex/generic/intcalc/intcalc.sty) (c:/Users/aeste/AppData/Roaming/TinyTeX/texmf-dist/tex/latex/hyperref/puenc.def) (c:/Users/aeste/AppData/Roaming/TinyTeX/texmf-dist/tex/generic/bitset/bitset.sty (c:/Users/aeste/AppData/Roaming/TinyTeX/texmf-dist/tex/generic/bigintcalc/bigintcalc.sty))) (c:/Users/aeste/AppData/Roaming/TinyTeX/texmf-dist/tex/latex/hyperref/hpdftex.def (c:/Users/aeste/AppData/Roaming/TinyTeX/texmf-dist/tex/latex/rerunfilecheck/rerunfilecheck.sty (c:/Users/aeste/AppData/Roaming/TinyTeX/texmf-dist/tex/generic/uniquecounter/uniquecounter.sty)))) (c:/Users/aeste/AppData/Roaming/TinyTeX/texmf-dist/tex/latex/base/makeidx.sty)
Writing index file Rd2.idx
(c:/Users/aeste/AppData/Roaming/TinyTeX/texmf-dist/tex/latex/psnfss/t1ptm.fd) (c:/Users/aeste/AppData/Roaming/TinyTeX/texmf-dist/tex/latex/l3backend/l3backend-pdftex.def) (./Rd2.aux) (./Rd2.out) (./Rd2.out) (c:/Users/aeste/AppData/Roaming/TinyTeX/texmf-dist/tex/latex/inconsolata/t1zi4.fd) (c:/Users/aeste/AppData/Roaming/TinyTeX/texmf-dist/tex/latex/psnfss/ts1ptm.fd) (c:/Users/aeste/AppData/Roaming/TinyTeX/texmf-dist/tex/latex/amsfonts/umsa.fd) (c:/Users/aeste/AppData/Roaming/TinyTeX/texmf-dist/tex/latex/amsfonts/umsb.fd) (./Rd2.toc
[1{c:/Users/aeste/AppData/Roaming/TinyTeX/texmf-var/fonts/map/pdftex/updmap/pdftex.map}{c:/Users/aeste/AppData/Roaming/TinyTeX/texmf-dist/fonts/enc/dvips/base/8r.enc}{c:/Users/aeste/AppData/Roaming/TinyTeX/texmf-dist/fonts/enc/dvips/inconsolata/i4-t1-0.enc}])
[2]
[3]
[4]
Overfull \hbox (14.75021pt too wide) in paragraph at lines 218--218
 []  \T1/zi4/m/n/10 color_palette = c("#bebada", "#fb8072", "#8dd3c7", "#80b1d3", "#ffff67", "#fdb462",[] 

[5]
[6]
[7]
[8]
[9]
[10]
[11]
[12]
Overfull \hbox (2.64706pt too wide) in paragraph at lines 643--644
[]\T1/ptm/m/n/10 A func-tion to cal-cu-late weights. It can be makeWeight-s-Tri-an-gu-lar, makeWeights-

Overfull \hbox (9.6677pt too wide) in paragraph at lines 643--644
\T1/ptm/m/n/10 Gra-di-ent, makeWeightsMixed, or a cus-tom func-tion name. De-fault is makeWeight-

[13]
[14]
[15]
[16]
[17]
[18]
Overfull \hbox (10.61707pt too wide) in paragraph at lines 947--948
[]\T1/ptm/m/n/10 A func-tion to be ap-plied for fac-tor-iz-ing the weight col-umn. De-fault is .cut_variable. 

Overfull \hbox (111.0775pt too wide) in paragraph at lines 949--950
[]\T1/ptm/m/n/10 A nu-meric vec-tor spec-i-fy-ing the breaks for the 'cut' method. De-fault is c(0,10,20,30,40,50,60,70,80,90,100). 

[19]
[20]
Overfull \hbox (35.24101pt too wide) in paragraph at lines 1042--1042
 []\T1/zi4/m/n/9 value_set_other <- list(instrument1 = list(df = data.frame(state=c(1, 2, 3), utility = c(-1, 0, 1)),[] 

[21]
[22]
[23]
Overfull \hbox (2.88193pt too wide) in paragraph at lines 1214--1214
 []  \T1/zi4/m/n/10 probability_levels = c(min = 0, \TS1/cmtt/m/n/10 `\T1/zi4/m/n/10 2.5%\TS1/cmtt/m/n/10 ` \T1/zi4/m/n/10 = 0.025, \TS1/cmtt/m/n/10 `\T1/zi4/m/n/10 25%\TS1/cmtt/m/n/10 ` \T1/zi4/m/n/10 = 0.25, median = 0.5, \TS1/cmtt/m/n/10 `\T1/zi4/m/n/10 75%\TS1/cmtt/m/n/10 ` \T1/zi4/m/n/10 =[] 

[24]
Overfull \hbox (7.00716pt too wide) in paragraph at lines 1287--1288
[]\T1/ptm/m/n/10 A char-ac-ter vec-tor spec-i-fy-ing the color palette for the plot. De-fault is c("#8dd3c7",

[25]
Overfull \hbox (2.24715pt too wide) in paragraph at lines 1314--1314
 []  \T1/zi4/m/n/9 result <- severity_ribbon_plot(df = cdta, utility_columns = c("EQ5D3L", "EQ5D5L", "EQXW"))[] 

[26] (./Rd2.ind
[27]

[28]) (./Rd2.aux)

Package rerunfilecheck Warning: File `Rd2.out' has changed.
(rerunfilecheck)                Rerun to get outlines right
(rerunfilecheck)                or use package `bookmark'.

 )
(see the transcript file for additional information) <c:/Users/aeste/AppData/Roaming/TinyTeX/texmf-var/fonts/pk/ljfour/jknappen/ec/tctt1000.600pk><c:/Users/aeste/AppData/Roaming/TinyTeX/texmf-dist/fonts/type1/public/inconsolata/Inconsolata-zi4r.pfb><c:/Users/aeste/AppData/Roaming/TinyTeX/texmf-dist/fonts/type1/public/amsfonts/cm/cmsy10.pfb><c:/Users/aeste/AppData/Roaming/TinyTeX/texmf-dist/fonts/type1/urw/times/utmb8a.pfb><c:/Users/aeste/AppData/Roaming/TinyTeX/texmf-dist/fonts/type1/urw/times/utmr8a.pfb><c:/Users/aeste/AppData/Roaming/TinyTeX/texmf-dist/fonts/type1/urw/times/utmr8a.pfb><c:/Users/aeste/AppData/Roaming/TinyTeX/texmf-dist/fonts/type1/urw/times/utmri8a.pfb>
Output written on Rd2.pdf (28 pages, 139500 bytes).
Transcript written on Rd2.log.
This is makeindex, version 2.17 [TeX Live 2025] (kpathsea + Thai support).
Scanning input file Rd2.idx....done (55 entries accepted, 0 rejected).
Sorting entries....done (319 comparisons).
Generating output file Rd2.ind....done (73 lines written, 0 warnings).
Output written in Rd2.ind.
Transcript written in Rd2.ilg.
This is pdfTeX, Version 3.141592653-2.6-1.40.28 (TeX Live 2025) (preloaded format=pdflatex)
 restricted \write18 enabled.
entering extended mode
(./Rd2.tex
LaTeX2e <2025-06-01> patch level 1
L3 programming layer <2025-05-26>

(c:/Users/aeste/AppData/Roaming/TinyTeX/texmf-dist/tex/latex/base/book.cls
Document Class: book 2025/01/22 v1.4n Standard LaTeX document class
(c:/Users/aeste/AppData/Roaming/TinyTeX/texmf-dist/tex/latex/base/bk10.clo)) (c:/Program Files/R/R-4.4.2/share/texmf/tex/latex/Rd.sty (c:/Users/aeste/AppData/Roaming/TinyTeX/texmf-dist/tex/latex/base/ifthen.sty) (c:/Users/aeste/AppData/Roaming/TinyTeX/texmf-dist/tex/generic/iftex/iftex.sty) (c:/Users/aeste/AppData/Roaming/TinyTeX/texmf-dist/tex/latex/tools/longtable.sty) (c:/Users/aeste/AppData/Roaming/TinyTeX/texmf-dist/tex/latex/tools/bm.sty) (c:/Users/aeste/AppData/Roaming/TinyTeX/texmf-dist/tex/latex/base/alltt.sty) (c:/Users/aeste/AppData/Roaming/TinyTeX/texmf-dist/tex/latex/tools/verbatim.sty) (c:/Users/aeste/AppData/Roaming/TinyTeX/texmf-dist/tex/latex/url/url.sty) (c:/Users/aeste/AppData/Roaming/TinyTeX/texmf-dist/tex/latex/base/textcomp.sty) (c:/Users/aeste/AppData/Roaming/TinyTeX/texmf-dist/tex/latex/amsmath/amsmath.sty
For additional information on amsmath, use the `?' option.
(c:/Users/aeste/AppData/Roaming/TinyTeX/texmf-dist/tex/latex/amsmath/amstext.sty (c:/Users/aeste/AppData/Roaming/TinyTeX/texmf-dist/tex/latex/amsmath/amsgen.sty)) (c:/Users/aeste/AppData/Roaming/TinyTeX/texmf-dist/tex/latex/amsmath/amsbsy.sty) (c:/Users/aeste/AppData/Roaming/TinyTeX/texmf-dist/tex/latex/amsmath/amsopn.sty)) (c:/Users/aeste/AppData/Roaming/TinyTeX/texmf-dist/tex/latex/amsfonts/amsfonts.sty) (c:/Users/aeste/AppData/Roaming/TinyTeX/texmf-dist/tex/latex/amsfonts/amssymb.sty) (c:/Users/aeste/AppData/Roaming/TinyTeX/texmf-dist/tex/latex/amsfonts/eucal.sty) (c:/Users/aeste/AppData/Roaming/TinyTeX/texmf-dist/tex/latex/base/fontenc.sty) (c:/Users/aeste/AppData/Roaming/TinyTeX/texmf-dist/tex/latex/psnfss/times.sty) (c:/Users/aeste/AppData/Roaming/TinyTeX/texmf-dist/tex/latex/inconsolata/zi4.sty `inconsolata-zi4' v1.12, 2019/05/17 Text macros for Inconsolata (msharpe) (c:/Users/aeste/AppData/Roaming/TinyTeX/texmf-dist/tex/latex/xkeyval/xkeyval.sty (c:/Users/aeste/AppData/Roaming/TinyTeX/texmf-dist/tex/generic/xkeyval/xkeyval.tex (c:/Users/aeste/AppData/Roaming/TinyTeX/texmf-dist/tex/generic/xkeyval/xkvutils.tex (c:/Users/aeste/AppData/Roaming/TinyTeX/texmf-dist/tex/generic/xkeyval/keyval.tex))))) (c:/Users/aeste/AppData/Roaming/TinyTeX/texmf-dist/tex/latex/graphics/color.sty (c:/Users/aeste/AppData/Roaming/TinyTeX/texmf-dist/tex/latex/graphics-cfg/color.cfg) (c:/Users/aeste/AppData/Roaming/TinyTeX/texmf-dist/tex/latex/graphics-def/pdftex.def) (c:/Users/aeste/AppData/Roaming/TinyTeX/texmf-dist/tex/latex/graphics/mathcolor.ltx)) (c:/Users/aeste/AppData/Roaming/TinyTeX/texmf-dist/tex/latex/hyperref/hyperref.sty (c:/Users/aeste/AppData/Roaming/TinyTeX/texmf-dist/tex/latex/kvsetkeys/kvsetkeys.sty) (c:/Users/aeste/AppData/Roaming/TinyTeX/texmf-dist/tex/generic/kvdefinekeys/kvdefinekeys.sty) (c:/Users/aeste/AppData/Roaming/TinyTeX/texmf-dist/tex/generic/pdfescape/pdfescape.sty (c:/Users/aeste/AppData/Roaming/TinyTeX/texmf-dist/tex/generic/ltxcmds/ltxcmds.sty) (c:/Users/aeste/AppData/Roaming/TinyTeX/texmf-dist/tex/generic/pdftexcmds/pdftexcmds.sty (c:/Users/aeste/AppData/Roaming/TinyTeX/texmf-dist/tex/generic/infwarerr/infwarerr.sty))) (c:/Users/aeste/AppData/Roaming/TinyTeX/texmf-dist/tex/latex/hycolor/hycolor.sty) (c:/Users/aeste/AppData/Roaming/TinyTeX/texmf-dist/tex/latex/hyperref/nameref.sty (c:/Users/aeste/AppData/Roaming/TinyTeX/texmf-dist/tex/latex/refcount/refcount.sty) (c:/Users/aeste/AppData/Roaming/TinyTeX/texmf-dist/tex/generic/gettitlestring/gettitlestring.sty (c:/Users/aeste/AppData/Roaming/TinyTeX/texmf-dist/tex/latex/kvoptions/kvoptions.sty))) (c:/Users/aeste/AppData/Roaming/TinyTeX/texmf-dist/tex/latex/etoolbox/etoolbox.sty) (c:/Users/aeste/AppData/Roaming/TinyTeX/texmf-dist/tex/generic/stringenc/stringenc.sty) (c:/Users/aeste/AppData/Roaming/TinyTeX/texmf-dist/tex/latex/hyperref/pd1enc.def) (c:/Users/aeste/AppData/Roaming/TinyTeX/texmf-dist/tex/generic/intcalc/intcalc.sty) (c:/Users/aeste/AppData/Roaming/TinyTeX/texmf-dist/tex/latex/hyperref/puenc.def) (c:/Users/aeste/AppData/Roaming/TinyTeX/texmf-dist/tex/generic/bitset/bitset.sty (c:/Users/aeste/AppData/Roaming/TinyTeX/texmf-dist/tex/generic/bigintcalc/bigintcalc.sty))) (c:/Users/aeste/AppData/Roaming/TinyTeX/texmf-dist/tex/latex/hyperref/hpdftex.def (c:/Users/aeste/AppData/Roaming/TinyTeX/texmf-dist/tex/latex/rerunfilecheck/rerunfilecheck.sty (c:/Users/aeste/AppData/Roaming/TinyTeX/texmf-dist/tex/generic/uniquecounter/uniquecounter.sty)))) (c:/Users/aeste/AppData/Roaming/TinyTeX/texmf-dist/tex/latex/base/makeidx.sty)
Writing index file Rd2.idx
(c:/Users/aeste/AppData/Roaming/TinyTeX/texmf-dist/tex/latex/psnfss/t1ptm.fd) (c:/Users/aeste/AppData/Roaming/TinyTeX/texmf-dist/tex/latex/l3backend/l3backend-pdftex.def) (./Rd2.aux) (./Rd2.out) (./Rd2.out) (c:/Users/aeste/AppData/Roaming/TinyTeX/texmf-dist/tex/latex/inconsolata/t1zi4.fd) (c:/Users/aeste/AppData/Roaming/TinyTeX/texmf-dist/tex/latex/psnfss/ts1ptm.fd) (c:/Users/aeste/AppData/Roaming/TinyTeX/texmf-dist/tex/latex/amsfonts/umsa.fd) (c:/Users/aeste/AppData/Roaming/TinyTeX/texmf-dist/tex/latex/amsfonts/umsb.fd) (./Rd2.toc
[1{c:/Users/aeste/AppData/Roaming/TinyTeX/texmf-var/fonts/map/pdftex/updmap/pdftex.map}{c:/Users/aeste/AppData/Roaming/TinyTeX/texmf-dist/fonts/enc/dvips/base/8r.enc}{c:/Users/aeste/AppData/Roaming/TinyTeX/texmf-dist/fonts/enc/dvips/inconsolata/i4-t1-0.enc}])
[2]
[3]
[4]
[5]
Overfull \hbox (14.75021pt too wide) in paragraph at lines 218--218
 []  \T1/zi4/m/n/10 color_palette = c("#bebada", "#fb8072", "#8dd3c7", "#80b1d3", "#ffff67", "#fdb462",[] 

[6]
[7]
[8]
[9]
[10]
[11]
[12]
[13]
Overfull \hbox (2.64706pt too wide) in paragraph at lines 643--644
[]\T1/ptm/m/n/10 A func-tion to cal-cu-late weights. It can be makeWeight-s-Tri-an-gu-lar, makeWeights-

Overfull \hbox (9.6677pt too wide) in paragraph at lines 643--644
\T1/ptm/m/n/10 Gra-di-ent, makeWeightsMixed, or a cus-tom func-tion name. De-fault is makeWeight-

[14]
[15]
[16]
[17]
[18]
[19]
Overfull \hbox (10.61707pt too wide) in paragraph at lines 947--948
[]\T1/ptm/m/n/10 A func-tion to be ap-plied for fac-tor-iz-ing the weight col-umn. De-fault is .cut_variable. 

Overfull \hbox (111.0775pt too wide) in paragraph at lines 949--950
[]\T1/ptm/m/n/10 A nu-meric vec-tor spec-i-fy-ing the breaks for the 'cut' method. De-fault is c(0,10,20,30,40,50,60,70,80,90,100). 

[20]
Overfull \hbox (35.24101pt too wide) in paragraph at lines 1042--1042
 []\T1/zi4/m/n/9 value_set_other <- list(instrument1 = list(df = data.frame(state=c(1, 2, 3), utility = c(-1, 0, 1)),[] 

[21]
[22]
[23]
Overfull \hbox (2.88193pt too wide) in paragraph at lines 1214--1214
 []  \T1/zi4/m/n/10 probability_levels = c(min = 0, \TS1/cmtt/m/n/10 `\T1/zi4/m/n/10 2.5%\TS1/cmtt/m/n/10 ` \T1/zi4/m/n/10 = 0.025, \TS1/cmtt/m/n/10 `\T1/zi4/m/n/10 25%\TS1/cmtt/m/n/10 ` \T1/zi4/m/n/10 = 0.25, median = 0.5, \TS1/cmtt/m/n/10 `\T1/zi4/m/n/10 75%\TS1/cmtt/m/n/10 ` \T1/zi4/m/n/10 =[] 

[24]
[25]
Overfull \hbox (7.00716pt too wide) in paragraph at lines 1287--1288
[]\T1/ptm/m/n/10 A char-ac-ter vec-tor spec-i-fy-ing the color palette for the plot. De-fault is c("#8dd3c7",

Overfull \hbox (2.24715pt too wide) in paragraph at lines 1314--1314
 []  \T1/zi4/m/n/9 result <- severity_ribbon_plot(df = cdta, utility_columns = c("EQ5D3L", "EQ5D5L", "EQXW"))[] 

[26]
[27] (./Rd2.ind
[28]

[29]) (./Rd2.aux) )
(see the transcript file for additional information) <c:/Users/aeste/AppData/Roaming/TinyTeX/texmf-var/fonts/pk/ljfour/jknappen/ec/tctt1000.600pk><c:/Users/aeste/AppData/Roaming/TinyTeX/texmf-dist/fonts/type1/public/inconsolata/Inconsolata-zi4r.pfb><c:/Users/aeste/AppData/Roaming/TinyTeX/texmf-dist/fonts/type1/public/amsfonts/cm/cmsy10.pfb><c:/Users/aeste/AppData/Roaming/TinyTeX/texmf-dist/fonts/type1/urw/times/utmb8a.pfb><c:/Users/aeste/AppData/Roaming/TinyTeX/texmf-dist/fonts/type1/urw/times/utmr8a.pfb><c:/Users/aeste/AppData/Roaming/TinyTeX/texmf-dist/fonts/type1/urw/times/utmr8a.pfb><c:/Users/aeste/AppData/Roaming/TinyTeX/texmf-dist/fonts/type1/urw/times/utmri8a.pfb>
Output written on Rd2.pdf (29 pages, 140633 bytes).
Transcript written on Rd2.log.
Saving output to 'valueSetCompare-manual.pdf' ...
Done
You may want to clean up by 'rm -Rf C:/Users/aeste/AppData/Local/Temp/RtmpyMAM0w/Rd2pdf7a045aa763a'
